<?xml version="1.0" encoding="UTF-8"?>
<!-- Generated by org.testng.reporters.JUnitReportReporter -->
<testsuite hostname="LAPTOP-969R18B4" failures="0" tests="3" name="com.bdd.demoqa.utilities.BaseClass" time="6.159" errors="0" timestamp="2021-06-09T17:08:39 BST" skipped="0">
  <testcase classname="com.bdd.demoqa.utilities.BaseClass" name="naviagatetoAlert_Alerts" time="0.013"/>
  <system-out/>
  <testcase classname="com.bdd.demoqa.utilities.BaseClass" name="naviagatetoWidges_SelectMenu" time="0.005"/>
  <system-out/>
  <testcase classname="com.bdd.demoqa.utilities.BaseClass" name="navigatetoform" time="6.141"/>
  <system-out/>
</testsuite> <!-- com.bdd.demoqa.utilities.BaseClass -->
