<?xml version="1.0" encoding="UTF-8"?>
<!-- Generated by org.testng.reporters.JUnitReportReporter -->
<testsuite hostname="LAPTOP-969R18B4" failures="0" tests="1" name="com.demoqa.pages.ElementPages" time="4.043" errors="0" timestamp="2021-06-11T13:37:29 BST" skipped="0">
  <testcase classname="com.demoqa.pages.ElementPages" name="ElementpPgeNavigate" time="4.043"/>
  <system-out/>
</testsuite> <!-- com.demoqa.pages.ElementPages -->
