<?xml version="1.0" encoding="UTF-8"?>
<!-- Generated by org.testng.reporters.JUnitReportReporter -->
<testsuite hostname="LAPTOP-969R18B4" failures="0" tests="1" name="com.demoqa.steps.WidgetSteps" time="1.847" errors="0" timestamp="2021-06-07T12:09:02 BST" skipped="0">
  <testcase classname="com.demoqa.steps.WidgetSteps" name="navigatetoform" time="1.847"/>
  <system-out/>
</testsuite> <!-- com.demoqa.steps.WidgetSteps -->
