<?xml version="1.0" encoding="UTF-8"?>
<!-- Generated by org.testng.reporters.JUnitReportReporter -->
<testsuite hostname="LAPTOP-969R18B4" failures="0" tests="1" name="com.demoqa.pages.WidgedPages" time="4.388" errors="0" timestamp="2021-06-11T14:59:26 BST" skipped="0">
  <testcase classname="com.demoqa.pages.WidgedPages" name="WidgedtsNaviagetioin" time="4.388"/>
  <system-out/>
</testsuite> <!-- com.demoqa.pages.WidgedPages -->
