<?xml version="1.0" encoding="UTF-8"?>
<!-- Generated by org.testng.reporters.JUnitReportReporter -->
<testsuite hostname="LAPTOP-969R18B4" failures="0" tests="1" name="com.demoqa.pages.FormPages" time="4.024" errors="0" timestamp="2021-06-11T13:38:27 BST" skipped="0">
  <testcase classname="com.demoqa.pages.FormPages" name="naviagtetoForm" time="4.024"/>
  <system-out/>
</testsuite> <!-- com.demoqa.pages.FormPages -->
