<?xml version="1.0" encoding="UTF-8"?>
<!-- Generated by org.testng.reporters.JUnitReportReporter -->
<testsuite hostname="LAPTOP-969R18B4" failures="0" tests="1" name="com.demoqa.pages.Form" time="2.365" errors="0" timestamp="2021-06-11T12:05:21 BST" skipped="0">
  <testcase classname="com.demoqa.pages.Form" name="naviagtetoForm" time="2.365"/>
  <system-out/>
</testsuite> <!-- com.demoqa.pages.Form -->
